#
# There is insufficient memory for the Java Runtime Environment to continue.
# Native memory allocation (malloc) failed to allocate 3032976 bytes for Chunk::new
# Possible reasons:
#   The system is out of physical RAM or swap space
#   The process is running with CompressedOops enabled, and the Java Heap may be blocking the growth of the native heap
# Possible solutions:
#   Reduce memory load on the system
#   Increase physical memory or swap space
#   Check if swap backing store is full
#   Decrease Java heap size (-Xmx/-Xms)
#   Decrease number of Java threads
#   Decrease Java thread stack sizes (-Xss)
#   Set larger code cache with -XX:ReservedCodeCacheSize=
#   JVM is running with Zero Based Compressed Oops mode in which the Java heap is
#     placed in the first 32GB address space. The Java Heap base address is the
#     maximum limit for the native heap growth. Please use -XX:HeapBaseMinAddress
#     to set the Java Heap base and to place the Java Heap above 32GB virtual address.
# This output file may be truncated or incomplete.
#
#  Out of Memory Error (./open/src/hotspot/share/memory/arena.cpp:197), pid=48300, tid=43052
#
# JRE version: Java(TM) SE Runtime Environment 18.9 (11.0.19+9) (build 11.0.19+9-LTS-224)
# Java VM: Java HotSpot(TM) 64-Bit Server VM 18.9 (11.0.19+9-LTS-224, mixed mode, tiered, compressed oops, g1 gc, windows-amd64)
# No core dump will be written. Minidumps are not enabled by default on client versions of Windows
#

---------------  S U M M A R Y ------------

Command Line: -agentlib:jdwp=transport=dt_socket,address=127.0.0.1:56752,suspend=y,server=n -javaagent:C:\Users\csbis\AppData\Local\JetBrains\IdeaIC2023.2\captureAgent\debugger-agent.jar -Dfile.encoding=UTF-8 com.multitenant.demo.DemoApplication

Host: 11th Gen Intel(R) Core(TM) i5-11400H @ 2.70GHz, 12 cores, 15G,  Windows 11 , 64 bit Build 22621 (10.0.22621.4391)
Time: Wed Dec  4 11:59:56 2024 India Standard Time elapsed time: 21.724113 seconds (0d 0h 0m 21s)

---------------  T H R E A D  ---------------

Current thread (0x000001e029cf0800):  JavaThread "C2 CompilerThread0" daemon [_thread_in_native, id=43052, stack(0x000000b0c4e00000,0x000000b0c4f00000)]


Current CompileTask:
C2:  21724 4095   !   4       jdk.internal.loader.BuiltinClassLoader::findClassOnClassPathOrNull (64 bytes)

Stack: [0x000000b0c4e00000,0x000000b0c4f00000]
Native frames: (J=compiled Java code, j=interpreted, Vv=VM code, C=native code)
V  [jvm.dll+0x65fe1a]
V  [jvm.dll+0x7a2bbf]
V  [jvm.dll+0x7a4289]
V  [jvm.dll+0x7a4923]
V  [jvm.dll+0x258a25]
V  [jvm.dll+0xb29cc]
V  [jvm.dll+0xb2f8c]
V  [jvm.dll+0x367121]
V  [jvm.dll+0x1a25f4]
V  [jvm.dll+0x21187d]
V  [jvm.dll+0x2106f8]
V  [jvm.dll+0x18c841]
V  [jvm.dll+0x220989]
V  [jvm.dll+0x21ecac]
V  [jvm.dll+0x766921]
V  [jvm.dll+0x75f2e4]
V  [jvm.dll+0x65ecc5]
C  [ucrtbase.dll+0x29333]
C  [KERNEL32.DLL+0x1259d]
C  [ntdll.dll+0x5af38]


---------------  P R O C E S S  ---------------

Threads class SMR info:
_java_thread_list=0x000001e02ab1b9f0, length=39, elements={
0x000001e029c92000, 0x000001e029c93000, 0x000001e029ceb800, 0x000001e029cee800,
0x000001e029cef800, 0x000001e029cf0800, 0x000001e029cf3000, 0x000001e029cf4000,
0x000001e029ddc000, 0x000001e029f9c000, 0x000001e029f8e800, 0x000001e029f8f800,
0x000001e02b848800, 0x000001e02e731000, 0x000001e0305ef000, 0x000001e03019b000,
0x000001e03028e800, 0x000001e03028f800, 0x000001e02d2c7000, 0x000001e02d2c3000,
0x000001e031a23800, 0x000001e030054800, 0x000001e030056000, 0x000001e030052000,
0x000001e030052800, 0x000001e030050800, 0x000001e030055000, 0x000001e030057000,
0x000001e030051000, 0x000001e030053800, 0x000001e02ef76800, 0x000001e02ef73800,
0x000001e02ef76000, 0x000001e02ef78800, 0x000001e02ef77800, 0x000001e02ef72800,
0x000001e02ef79000, 0x000001e02ef7a000, 0x000001e02ed98800
}

Java Threads: ( => current thread )
  0x000001e029c92000 JavaThread "Reference Handler" daemon [_thread_blocked, id=30116, stack(0x000000b0c4900000,0x000000b0c4a00000)]
  0x000001e029c93000 JavaThread "Finalizer" daemon [_thread_blocked, id=51800, stack(0x000000b0c4a00000,0x000000b0c4b00000)]
  0x000001e029ceb800 JavaThread "Signal Dispatcher" daemon [_thread_blocked, id=48240, stack(0x000000b0c4b00000,0x000000b0c4c00000)]
  0x000001e029cee800 JavaThread "Attach Listener" daemon [_thread_blocked, id=40308, stack(0x000000b0c4c00000,0x000000b0c4d00000)]
  0x000001e029cef800 JavaThread "Service Thread" daemon [_thread_blocked, id=47300, stack(0x000000b0c4d00000,0x000000b0c4e00000)]
=>0x000001e029cf0800 JavaThread "C2 CompilerThread0" daemon [_thread_in_native, id=43052, stack(0x000000b0c4e00000,0x000000b0c4f00000)]
  0x000001e029cf3000 JavaThread "C1 CompilerThread0" daemon [_thread_blocked, id=45636, stack(0x000000b0c4f00000,0x000000b0c5000000)]
  0x000001e029cf4000 JavaThread "Sweeper thread" daemon [_thread_blocked, id=16928, stack(0x000000b0c5000000,0x000000b0c5100000)]
  0x000001e029ddc000 JavaThread "Common-Cleaner" daemon [_thread_blocked, id=31424, stack(0x000000b0c5100000,0x000000b0c5200000)]
  0x000001e029f9c000 JavaThread "JDWP Transport Listener: dt_socket" daemon [_thread_blocked, id=48528, stack(0x000000b0c5300000,0x000000b0c5400000)]
  0x000001e029f8e800 JavaThread "JDWP Event Helper Thread" daemon [_thread_blocked, id=16196, stack(0x000000b0c5400000,0x000000b0c5500000)]
  0x000001e029f8f800 JavaThread "JDWP Command Reader" daemon [_thread_in_native, id=48652, stack(0x000000b0c5500000,0x000000b0c5600000)]
  0x000001e02b848800 JavaThread "Catalina-utility-1" [_thread_blocked, id=41360, stack(0x000000b0c5c00000,0x000000b0c5d00000)]
  0x000001e02e731000 JavaThread "Catalina-utility-2" [_thread_blocked, id=48028, stack(0x000000b0c5f00000,0x000000b0c6000000)]
  0x000001e0305ef000 JavaThread "container-0" [_thread_blocked, id=40036, stack(0x000000b0c6000000,0x000000b0c6100000)]
  0x000001e03019b000 JavaThread "BufferPoolPruner-1-thread-1" daemon [_thread_blocked, id=42592, stack(0x000000b0c6100000,0x000000b0c6200000)]
  0x000001e03028e800 JavaThread "cluster-ClusterId{value='674ff6d14a2c4b1d78fa34fd', description='null'}-localhost:27017" daemon [_thread_in_native, id=40444, stack(0x000000b0c6200000,0x000000b0c6300000)]
  0x000001e03028f800 JavaThread "cluster-rtt-ClusterId{value='674ff6d14a2c4b1d78fa34fd', description='null'}-localhost:27017" daemon [_thread_blocked, id=49264, stack(0x000000b0c6300000,0x000000b0c6400000)]
  0x000001e02d2c7000 JavaThread "cluster-ClusterId{value='674ff6d14a2c4b1d78fa34fe', description='null'}-localhost:27017" daemon [_thread_in_native, id=46832, stack(0x000000b0c6500000,0x000000b0c6600000)]
  0x000001e02d2c3000 JavaThread "cluster-rtt-ClusterId{value='674ff6d14a2c4b1d78fa34fe', description='null'}-localhost:27017" daemon [_thread_blocked, id=44132, stack(0x000000b0c6600000,0x000000b0c6700000)]
  0x000001e031a23800 JavaThread "MaintenanceTimer-3-thread-1" daemon [_thread_blocked, id=3324, stack(0x000000b0c6700000,0x000000b0c6800000)]
  0x000001e030054800 JavaThread "MaintenanceTimer-2-thread-1" daemon [_thread_blocked, id=48796, stack(0x000000b0c6800000,0x000000b0c6900000)]
  0x000001e030056000 JavaThread "cluster-ClusterId{value='674ff6d24a2c4b1d78fa34ff', description='null'}-localhost:27017" daemon [_thread_in_native, id=48908, stack(0x000000b0c6a00000,0x000000b0c6b00000)]
  0x000001e030052000 JavaThread "cluster-rtt-ClusterId{value='674ff6d24a2c4b1d78fa34ff', description='null'}-localhost:27017" daemon [_thread_blocked, id=50472, stack(0x000000b0c6b00000,0x000000b0c6c00000)]
  0x000001e030052800 JavaThread "MaintenanceTimer-4-thread-1" daemon [_thread_blocked, id=20528, stack(0x000000b0c6c00000,0x000000b0c6d00000)]
  0x000001e030050800 JavaThread "http-nio-8081-exec-1" daemon [_thread_blocked, id=46756, stack(0x000000b0c6d00000,0x000000b0c6e00000)]
  0x000001e030055000 JavaThread "http-nio-8081-exec-2" daemon [_thread_blocked, id=43352, stack(0x000000b0c6e00000,0x000000b0c6f00000)]
  0x000001e030057000 JavaThread "http-nio-8081-exec-3" daemon [_thread_blocked, id=8856, stack(0x000000b0c6f00000,0x000000b0c7000000)]
  0x000001e030051000 JavaThread "http-nio-8081-exec-4" daemon [_thread_blocked, id=9544, stack(0x000000b0c7000000,0x000000b0c7100000)]
  0x000001e030053800 JavaThread "http-nio-8081-exec-5" daemon [_thread_blocked, id=40820, stack(0x000000b0c7100000,0x000000b0c7200000)]
  0x000001e02ef76800 JavaThread "http-nio-8081-exec-6" daemon [_thread_blocked, id=36976, stack(0x000000b0c7200000,0x000000b0c7300000)]
  0x000001e02ef73800 JavaThread "http-nio-8081-exec-7" daemon [_thread_blocked, id=32428, stack(0x000000b0c7300000,0x000000b0c7400000)]
  0x000001e02ef76000 JavaThread "http-nio-8081-exec-8" daemon [_thread_blocked, id=50992, stack(0x000000b0c7400000,0x000000b0c7500000)]
  0x000001e02ef78800 JavaThread "http-nio-8081-exec-9" daemon [_thread_blocked, id=51804, stack(0x000000b0c7500000,0x000000b0c7600000)]
  0x000001e02ef77800 JavaThread "http-nio-8081-exec-10" daemon [_thread_blocked, id=45504, stack(0x000000b0c7600000,0x000000b0c7700000)]
  0x000001e02ef72800 JavaThread "http-nio-8081-Poller" daemon [_thread_in_native, id=43400, stack(0x000000b0c7700000,0x000000b0c7800000)]
  0x000001e02ef79000 JavaThread "http-nio-8081-Acceptor" daemon [_thread_in_native, id=38712, stack(0x000000b0c7800000,0x000000b0c7900000)]
  0x000001e02ef7a000 JavaThread "DestroyJavaVM" [_thread_blocked, id=49556, stack(0x000000b0c4200000,0x000000b0c4300000)]
  0x000001e02ed98800 JavaThread "C2 CompilerThread1" daemon [_thread_blocked, id=31676, stack(0x000000b0c7900000,0x000000b0c7a00000)]

Other Threads:
  0x000001e029c8f000 VMThread "VM Thread" [stack: 0x000000b0c4800000,0x000000b0c4900000] [id=14016]
  0x000001e02a200800 WatcherThread [stack: 0x000000b0c5600000,0x000000b0c5700000] [id=48664]
  0x000001e006470000 GCTaskThread "GC Thread#0" [stack: 0x000000b0c4300000,0x000000b0c4400000] [id=49256]
  0x000001e02ab1a800 GCTaskThread "GC Thread#1" [stack: 0x000000b0c5700000,0x000000b0c5800000] [id=29040]
  0x000001e02ab2c800 GCTaskThread "GC Thread#2" [stack: 0x000000b0c5800000,0x000000b0c5900000] [id=3548]
  0x000001e02ab26800 GCTaskThread "GC Thread#3" [stack: 0x000000b0c5900000,0x000000b0c5a00000] [id=28376]
  0x000001e02ab27000 GCTaskThread "GC Thread#4" [stack: 0x000000b0c5a00000,0x000000b0c5b00000] [id=34592]
  0x000001e02ab27800 GCTaskThread "GC Thread#5" [stack: 0x000000b0c5b00000,0x000000b0c5c00000] [id=30508]
  0x000001e02e966800 GCTaskThread "GC Thread#6" [stack: 0x000000b0c5200000,0x000000b0c5300000] [id=40104]
  0x000001e02eae2800 GCTaskThread "GC Thread#7" [stack: 0x000000b0c6900000,0x000000b0c6a00000] [id=42896]
  0x000001e0064cc000 ConcurrentGCThread "G1 Main Marker" [stack: 0x000000b0c4400000,0x000000b0c4500000] [id=47020]
  0x000001e0064cd800 ConcurrentGCThread "G1 Conc#0" [stack: 0x000000b0c4500000,0x000000b0c4600000] [id=41904]
  0x000001e02b2a2000 ConcurrentGCThread "G1 Conc#1" [stack: 0x000000b0c5d00000,0x000000b0c5e00000] [id=7072]
  0x000001e02afdc800 ConcurrentGCThread "G1 Conc#2" [stack: 0x000000b0c5e00000,0x000000b0c5f00000] [id=51404]
  0x000001e0290b1800 ConcurrentGCThread "G1 Refine#0" [stack: 0x000000b0c4600000,0x000000b0c4700000] [id=50836]
  0x000001e0290b2800 ConcurrentGCThread "G1 Young RemSet Sampling" [stack: 0x000000b0c4700000,0x000000b0c4800000] [id=44252]

Threads with active compile tasks:
C2 CompilerThread0    21743 4095   !   4       jdk.internal.loader.BuiltinClassLoader::findClassOnClassPathOrNull (64 bytes)

VM state:not at safepoint (normal execution)

VM Mutex/Monitor currently owned by a thread: None

Heap address: 0x0000000704000000, size: 4032 MB, Compressed Oops mode: Zero based, Oop shift amount: 3
Narrow klass base: 0x0000000800000000, Narrow klass shift: 0
Compressed class space size: 1073741824 Address: 0x0000000800000000

Heap:
 garbage-first heap   total 310272K, used 25453K [0x0000000704000000, 0x0000000800000000)
  region size 1024K, 20 young (20480K), 10 survivors (10240K)
 Metaspace       used 47690K, capacity 49186K, committed 49408K, reserved 1091584K
  class space    used 5764K, capacity 6353K, committed 6400K, reserved 1048576K
Heap Regions: E=young(eden), S=young(survivor), O=old, HS=humongous(starts), HC=humongous(continues), CS=collection set, F=free, A=archive, TAMS=top-at-mark-start (previous, next)
|   0|0x0000000704000000, 0x0000000704100000, 0x0000000704100000|100%| O|  |TAMS 0x0000000704100000, 0x0000000704000000| Untracked 
|   1|0x0000000704100000, 0x0000000704200000, 0x0000000704200000|100%| O|  |TAMS 0x0000000704200000, 0x0000000704100000| Untracked 
|   2|0x0000000704200000, 0x0000000704300000, 0x0000000704300000|100%| O|  |TAMS 0x0000000704300000, 0x0000000704200000| Untracked 
|   3|0x0000000704300000, 0x0000000704400000, 0x0000000704400000|100%| O|  |TAMS 0x0000000704400000, 0x0000000704300000| Untracked 
|   4|0x0000000704400000, 0x0000000704500000, 0x0000000704500000|100%| O|  |TAMS 0x0000000704497c00, 0x0000000704400000| Untracked 
|   5|0x0000000704500000, 0x0000000704600000, 0x0000000704600000|100%| O|  |TAMS 0x0000000704500000, 0x0000000704500000| Untracked 
|   6|0x0000000704600000, 0x0000000704604800, 0x0000000704700000|  1%| O|  |TAMS 0x0000000704600000, 0x0000000704600000| Untracked 
|   7|0x0000000704700000, 0x0000000704700000, 0x0000000704800000|  0%| F|  |TAMS 0x0000000704700000, 0x0000000704700000| Untracked 
|   8|0x0000000704800000, 0x0000000704800000, 0x0000000704900000|  0%| F|  |TAMS 0x0000000704800000, 0x0000000704800000| Untracked 
|   9|0x0000000704900000, 0x0000000704900000, 0x0000000704a00000|  0%| F|  |TAMS 0x0000000704900000, 0x0000000704900000| Untracked 
|  10|0x0000000704a00000, 0x0000000704a00000, 0x0000000704b00000|  0%| F|  |TAMS 0x0000000704a00000, 0x0000000704a00000| Untracked 
|  11|0x0000000704b00000, 0x0000000704b00000, 0x0000000704c00000|  0%| F|  |TAMS 0x0000000704b00000, 0x0000000704b00000| Untracked 
|  12|0x0000000704c00000, 0x0000000704c00000, 0x0000000704d00000|  0%| F|  |TAMS 0x0000000704c00000, 0x0000000704c00000| Untracked 
|  13|0x0000000704d00000, 0x0000000704d00000, 0x0000000704e00000|  0%| F|  |TAMS 0x0000000704d00000, 0x0000000704d00000| Untracked 
|  14|0x0000000704e00000, 0x0000000704e00000, 0x0000000704f00000|  0%| F|  |TAMS 0x0000000704e00000, 0x0000000704e00000| Untracked 
|  15|0x0000000704f00000, 0x0000000704f00000, 0x0000000705000000|  0%| F|  |TAMS 0x0000000704f00000, 0x0000000704f00000| Untracked 
|  16|0x0000000705000000, 0x0000000705000000, 0x0000000705100000|  0%| F|  |TAMS 0x0000000705000000, 0x0000000705000000| Untracked 
|  17|0x0000000705100000, 0x0000000705100000, 0x0000000705200000|  0%| F|  |TAMS 0x0000000705100000, 0x0000000705100000| Untracked 
|  18|0x0000000705200000, 0x0000000705200000, 0x0000000705300000|  0%| F|  |TAMS 0x0000000705200000, 0x0000000705200000| Untracked 
|  19|0x0000000705300000, 0x0000000705300000, 0x0000000705400000|  0%| F|  |TAMS 0x0000000705300000, 0x0000000705300000| Untracked 
|  20|0x0000000705400000, 0x0000000705400000, 0x0000000705500000|  0%| F|  |TAMS 0x0000000705400000, 0x0000000705400000| Untracked 
|  21|0x0000000705500000, 0x0000000705500000, 0x0000000705600000|  0%| F|  |TAMS 0x0000000705500000, 0x0000000705500000| Untracked 
|  22|0x0000000705600000, 0x0000000705600000, 0x0000000705700000|  0%| F|  |TAMS 0x0000000705600000, 0x0000000705600000| Untracked 
|  23|0x0000000705700000, 0x0000000705700000, 0x0000000705800000|  0%| F|  |TAMS 0x0000000705700000, 0x0000000705700000| Untracked 
|  24|0x0000000705800000, 0x0000000705800000, 0x0000000705900000|  0%| F|  |TAMS 0x0000000705800000, 0x0000000705800000| Untracked 
|  25|0x0000000705900000, 0x0000000705900000, 0x0000000705a00000|  0%| F|  |TAMS 0x0000000705900000, 0x0000000705900000| Untracked 
|  26|0x0000000705a00000, 0x0000000705a00000, 0x0000000705b00000|  0%| F|  |TAMS 0x0000000705a00000, 0x0000000705a00000| Untracked 
|  27|0x0000000705b00000, 0x0000000705b00000, 0x0000000705c00000|  0%| F|  |TAMS 0x0000000705b00000, 0x0000000705b00000| Untracked 
|  28|0x0000000705c00000, 0x0000000705c00000, 0x0000000705d00000|  0%| F|  |TAMS 0x0000000705c00000, 0x0000000705c00000| Untracked 
|  29|0x0000000705d00000, 0x0000000705d00000, 0x0000000705e00000|  0%| F|  |TAMS 0x0000000705d00000, 0x0000000705d00000| Untracked 
|  30|0x0000000705e00000, 0x0000000705e00000, 0x0000000705f00000|  0%| F|  |TAMS 0x0000000705e00000, 0x0000000705e00000| Untracked 
|  31|0x0000000705f00000, 0x0000000705f00000, 0x0000000706000000|  0%| F|  |TAMS 0x0000000705f00000, 0x0000000705f00000| Untracked 
|  32|0x0000000706000000, 0x0000000706000000, 0x0000000706100000|  0%| F|  |TAMS 0x0000000706000000, 0x0000000706000000| Untracked 
|  33|0x0000000706100000, 0x0000000706100000, 0x0000000706200000|  0%| F|  |TAMS 0x0000000706100000, 0x0000000706100000| Untracked 
|  34|0x0000000706200000, 0x0000000706200000, 0x0000000706300000|  0%| F|  |TAMS 0x0000000706200000, 0x0000000706200000| Untracked 
|  35|0x0000000706300000, 0x0000000706300000, 0x0000000706400000|  0%| F|  |TAMS 0x0000000706300000, 0x0000000706300000| Untracked 
|  36|0x0000000706400000, 0x0000000706400000, 0x0000000706500000|  0%| F|  |TAMS 0x0000000706400000, 0x0000000706400000| Untracked 
|  37|0x0000000706500000, 0x0000000706500000, 0x0000000706600000|  0%| F|  |TAMS 0x0000000706500000, 0x0000000706500000| Untracked 
|  38|0x0000000706600000, 0x0000000706600000, 0x0000000706700000|  0%| F|  |TAMS 0x0000000706600000, 0x0000000706600000| Untracked 
|  39|0x0000000706700000, 0x0000000706700000, 0x0000000706800000|  0%| F|  |TAMS 0x0000000706700000, 0x0000000706700000| Untracked 
|  40|0x0000000706800000, 0x0000000706800000, 0x0000000706900000|  0%| F|  |TAMS 0x0000000706800000, 0x0000000706800000| Untracked 
|  41|0x0000000706900000, 0x0000000706900000, 0x0000000706a00000|  0%| F|  |TAMS 0x0000000706900000, 0x0000000706900000| Untracked 
|  42|0x0000000706a00000, 0x0000000706a00000, 0x0000000706b00000|  0%| F|  |TAMS 0x0000000706a00000, 0x0000000706a00000| Untracked 
|  43|0x0000000706b00000, 0x0000000706b00000, 0x0000000706c00000|  0%| F|  |TAMS 0x0000000706b00000, 0x0000000706b00000| Untracked 
|  44|0x0000000706c00000, 0x0000000706c00000, 0x0000000706d00000|  0%| F|  |TAMS 0x0000000706c00000, 0x0000000706c00000| Untracked 
|  45|0x0000000706d00000, 0x0000000706d00000, 0x0000000706e00000|  0%| F|  |TAMS 0x0000000706d00000, 0x0000000706d00000| Untracked 
|  46|0x0000000706e00000, 0x0000000706e00000, 0x0000000706f00000|  0%| F|  |TAMS 0x0000000706e00000, 0x0000000706e00000| Untracked 
|  47|0x0000000706f00000, 0x0000000706f00000, 0x0000000707000000|  0%| F|  |TAMS 0x0000000706f00000, 0x0000000706f00000| Untracked 
|  48|0x0000000707000000, 0x0000000707000000, 0x0000000707100000|  0%| F|  |TAMS 0x0000000707000000, 0x0000000707000000| Untracked 
|  49|0x0000000707100000, 0x0000000707100000, 0x0000000707200000|  0%| F|  |TAMS 0x0000000707100000, 0x0000000707100000| Untracked 
|  50|0x0000000707200000, 0x0000000707200000, 0x0000000707300000|  0%| F|  |TAMS 0x0000000707200000, 0x0000000707200000| Untracked 
|  51|0x0000000707300000, 0x0000000707300000, 0x0000000707400000|  0%| F|  |TAMS 0x0000000707300000, 0x0000000707300000| Untracked 
|  52|0x0000000707400000, 0x0000000707400000, 0x0000000707500000|  0%| F|  |TAMS 0x0000000707400000, 0x0000000707400000| Untracked 
|  53|0x0000000707500000, 0x0000000707500000, 0x0000000707600000|  0%| F|  |TAMS 0x0000000707500000, 0x0000000707500000| Untracked 
|  54|0x0000000707600000, 0x0000000707600000, 0x0000000707700000|  0%| F|  |TAMS 0x0000000707600000, 0x0000000707600000| Untracked 
|  55|0x0000000707700000, 0x0000000707700000, 0x0000000707800000|  0%| F|  |TAMS 0x0000000707700000, 0x0000000707700000| Untracked 
|  56|0x0000000707800000, 0x0000000707800000, 0x0000000707900000|  0%| F|  |TAMS 0x0000000707800000, 0x0000000707800000| Untracked 
|  57|0x0000000707900000, 0x0000000707900000, 0x0000000707a00000|  0%| F|  |TAMS 0x0000000707900000, 0x0000000707900000| Untracked 
|  58|0x0000000707a00000, 0x0000000707a00000, 0x0000000707b00000|  0%| F|  |TAMS 0x0000000707a00000, 0x0000000707a00000| Untracked 
|  59|0x0000000707b00000, 0x0000000707b00000, 0x0000000707c00000|  0%| F|  |TAMS 0x0000000707b00000, 0x0000000707b00000| Untracked 
|  60|0x0000000707c00000, 0x0000000707c00000, 0x0000000707d00000|  0%| F|  |TAMS 0x0000000707c00000, 0x0000000707c00000| Untracked 
|  61|0x0000000707d00000, 0x0000000707d00000, 0x0000000707e00000|  0%| F|  |TAMS 0x0000000707d00000, 0x0000000707d00000| Untracked 
|  62|0x0000000707e00000, 0x0000000707e00000, 0x0000000707f00000|  0%| F|  |TAMS 0x0000000707e00000, 0x0000000707e00000| Untracked 
|  63|0x0000000707f00000, 0x0000000707f00000, 0x0000000708000000|  0%| F|  |TAMS 0x0000000707f00000, 0x0000000707f00000| Untracked 
|  64|0x0000000708000000, 0x0000000708000000, 0x0000000708100000|  0%| F|  |TAMS 0x0000000708000000, 0x0000000708000000| Untracked 
|  65|0x0000000708100000, 0x0000000708100000, 0x0000000708200000|  0%| F|  |TAMS 0x0000000708100000, 0x0000000708100000| Untracked 
|  66|0x0000000708200000, 0x0000000708200000, 0x0000000708300000|  0%| F|  |TAMS 0x0000000708200000, 0x0000000708200000| Untracked 
|  67|0x0000000708300000, 0x0000000708300000, 0x0000000708400000|  0%| F|  |TAMS 0x0000000708300000, 0x0000000708300000| Untracked 
|  68|0x0000000708400000, 0x0000000708400000, 0x0000000708500000|  0%| F|  |TAMS 0x0000000708400000, 0x0000000708400000| Untracked 
|  69|0x0000000708500000, 0x0000000708500000, 0x0000000708600000|  0%| F|  |TAMS 0x0000000708500000, 0x0000000708500000| Untracked 
|  70|0x0000000708600000, 0x0000000708600000, 0x0000000708700000|  0%| F|  |TAMS 0x0000000708600000, 0x0000000708600000| Untracked 
|  71|0x0000000708700000, 0x0000000708700000, 0x0000000708800000|  0%| F|  |TAMS 0x0000000708700000, 0x0000000708700000| Untracked 
|  72|0x0000000708800000, 0x0000000708800000, 0x0000000708900000|  0%| F|  |TAMS 0x0000000708800000, 0x0000000708800000| Untracked 
|  73|0x0000000708900000, 0x0000000708900000, 0x0000000708a00000|  0%| F|  |TAMS 0x0000000708900000, 0x0000000708900000| Untracked 
|  74|0x0000000708a00000, 0x0000000708a00000, 0x0000000708b00000|  0%| F|  |TAMS 0x0000000708a00000, 0x0000000708a00000| Untracked 
|  75|0x0000000708b00000, 0x0000000708b00000, 0x0000000708c00000|  0%| F|  |TAMS 0x0000000708b00000, 0x0000000708b00000| Untracked 
|  76|0x0000000708c00000, 0x0000000708c00000, 0x0000000708d00000|  0%| F|  |TAMS 0x0000000708c00000, 0x0000000708c00000| Untracked 
|  77|0x0000000708d00000, 0x0000000708d00000, 0x0000000708e00000|  0%| F|  |TAMS 0x0000000708d00000, 0x0000000708d00000| Untracked 
|  78|0x0000000708e00000, 0x0000000708e00000, 0x0000000708f00000|  0%| F|  |TAMS 0x0000000708e00000, 0x0000000708e00000| Untracked 
|  79|0x0000000708f00000, 0x0000000708f00000, 0x0000000709000000|  0%| F|  |TAMS 0x0000000708f00000, 0x0000000708f00000| Untracked 
|  80|0x0000000709000000, 0x0000000709000000, 0x0000000709100000|  0%| F|  |TAMS 0x0000000709000000, 0x0000000709000000| Untracked 
|  81|0x0000000709100000, 0x0000000709100000, 0x0000000709200000|  0%| F|  |TAMS 0x0000000709100000, 0x0000000709100000| Untracked 
|  82|0x0000000709200000, 0x0000000709200000, 0x0000000709300000|  0%| F|  |TAMS 0x0000000709200000, 0x0000000709200000| Untracked 
|  83|0x0000000709300000, 0x0000000709300000, 0x0000000709400000|  0%| F|  |TAMS 0x0000000709300000, 0x0000000709300000| Untracked 
|  84|0x0000000709400000, 0x0000000709400000, 0x0000000709500000|  0%| F|  |TAMS 0x0000000709400000, 0x0000000709400000| Untracked 
|  85|0x0000000709500000, 0x0000000709500000, 0x0000000709600000|  0%| F|  |TAMS 0x0000000709500000, 0x0000000709500000| Untracked 
|  86|0x0000000709600000, 0x0000000709600000, 0x0000000709700000|  0%| F|  |TAMS 0x0000000709600000, 0x0000000709600000| Untracked 
|  87|0x0000000709700000, 0x0000000709700000, 0x0000000709800000|  0%| F|  |TAMS 0x0000000709700000, 0x0000000709700000| Untracked 
|  88|0x0000000709800000, 0x0000000709800000, 0x0000000709900000|  0%| F|  |TAMS 0x0000000709800000, 0x0000000709800000| Untracked 
|  89|0x0000000709900000, 0x0000000709900000, 0x0000000709a00000|  0%| F|  |TAMS 0x0000000709900000, 0x0000000709900000| Untracked 
|  90|0x0000000709a00000, 0x0000000709a00000, 0x0000000709b00000|  0%| F|  |TAMS 0x0000000709a00000, 0x0000000709a00000| Untracked 
|  91|0x0000000709b00000, 0x0000000709b00000, 0x0000000709c00000|  0%| F|  |TAMS 0x0000000709b00000, 0x0000000709b00000| Untracked 
|  92|0x0000000709c00000, 0x0000000709c00000, 0x0000000709d00000|  0%| F|  |TAMS 0x0000000709c00000, 0x0000000709c00000| Untracked 
|  93|0x0000000709d00000, 0x0000000709d00000, 0x0000000709e00000|  0%| F|  |TAMS 0x0000000709d00000, 0x0000000709d00000| Untracked 
|  94|0x0000000709e00000, 0x0000000709e00000, 0x0000000709f00000|  0%| F|  |TAMS 0x0000000709e00000, 0x0000000709e00000| Untracked 
|  95|0x0000000709f00000, 0x0000000709f00000, 0x000000070a000000|  0%| F|  |TAMS 0x0000000709f00000, 0x0000000709f00000| Untracked 
|  96|0x000000070a000000, 0x000000070a000000, 0x000000070a100000|  0%| F|  |TAMS 0x000000070a000000, 0x000000070a000000| Untracked 
|  97|0x000000070a100000, 0x000000070a100000, 0x000000070a200000|  0%| F|  |TAMS 0x000000070a100000, 0x000000070a100000| Untracked 
|  98|0x000000070a200000, 0x000000070a200000, 0x000000070a300000|  0%| F|  |TAMS 0x000000070a200000, 0x000000070a200000| Untracked 
|  99|0x000000070a300000, 0x000000070a300000, 0x000000070a400000|  0%| F|  |TAMS 0x000000070a300000, 0x000000070a300000| Untracked 
| 100|0x000000070a400000, 0x000000070a400000, 0x000000070a500000|  0%| F|  |TAMS 0x000000070a400000, 0x000000070a400000| Untracked 
| 101|0x000000070a500000, 0x000000070a500000, 0x000000070a600000|  0%| F|  |TAMS 0x000000070a500000, 0x000000070a500000| Untracked 
| 102|0x000000070a600000, 0x000000070a600000, 0x000000070a700000|  0%| F|  |TAMS 0x000000070a600000, 0x000000070a600000| Untracked 
| 103|0x000000070a700000, 0x000000070a700000, 0x000000070a800000|  0%| F|  |TAMS 0x000000070a700000, 0x000000070a700000| Untracked 
| 104|0x000000070a800000, 0x000000070a800000, 0x000000070a900000|  0%| F|  |TAMS 0x000000070a800000, 0x000000070a800000| Untracked 
| 105|0x000000070a900000, 0x000000070a900000, 0x000000070aa00000|  0%| F|  |TAMS 0x000000070a900000, 0x000000070a900000| Untracked 
| 106|0x000000070aa00000, 0x000000070aa00000, 0x000000070ab00000|  0%| F|  |TAMS 0x000000070aa00000, 0x000000070aa00000| Untracked 
| 107|0x000000070ab00000, 0x000000070ab00000, 0x000000070ac00000|  0%| F|  |TAMS 0x000000070ab00000, 0x000000070ab00000| Untracked 
| 108|0x000000070ac00000, 0x000000070ac00000, 0x000000070ad00000|  0%| F|  |TAMS 0x000000070ac00000, 0x000000070ac00000| Untracked 
| 109|0x000000070ad00000, 0x000000070ad00000, 0x000000070ae00000|  0%| F|  |TAMS 0x000000070ad00000, 0x000000070ad00000| Untracked 
| 110|0x000000070ae00000, 0x000000070ae00000, 0x000000070af00000|  0%| F|  |TAMS 0x000000070ae00000, 0x000000070ae00000| Untracked 
| 111|0x000000070af00000, 0x000000070af00000, 0x000000070b000000|  0%| F|  |TAMS 0x000000070af00000, 0x000000070af00000| Untracked 
| 112|0x000000070b000000, 0x000000070b000000, 0x000000070b100000|  0%| F|  |TAMS 0x000000070b000000, 0x000000070b000000| Untracked 
| 113|0x000000070b100000, 0x000000070b100000, 0x000000070b200000|  0%| F|  |TAMS 0x000000070b100000, 0x000000070b100000| Untracked 
| 114|0x000000070b200000, 0x000000070b200000, 0x000000070b300000|  0%| F|  |TAMS 0x000000070b200000, 0x000000070b200000| Untracked 
| 115|0x000000070b300000, 0x000000070b300000, 0x000000070b400000|  0%| F|  |TAMS 0x000000070b300000, 0x000000070b300000| Untracked 
| 116|0x000000070b400000, 0x000000070b400000, 0x000000070b500000|  0%| F|  |TAMS 0x000000070b400000, 0x000000070b400000| Untracked 
| 117|0x000000070b500000, 0x000000070b500000, 0x000000070b600000|  0%| F|  |TAMS 0x000000070b500000, 0x000000070b500000| Untracked 
| 118|0x000000070b600000, 0x000000070b600000, 0x000000070b700000|  0%| F|  |TAMS 0x000000070b600000, 0x000000070b600000| Untracked 
| 119|0x000000070b700000, 0x000000070b700000, 0x000000070b800000|  0%| F|  |TAMS 0x000000070b700000, 0x000000070b700000| Untracked 
| 120|0x000000070b800000, 0x000000070b800000, 0x000000070b900000|  0%| F|  |TAMS 0x000000070b800000, 0x000000070b800000| Untracked 
| 121|0x000000070b900000, 0x000000070b900000, 0x000000070ba00000|  0%| F|  |TAMS 0x000000070b900000, 0x000000070b900000| Untracked 
| 122|0x000000070ba00000, 0x000000070ba00000, 0x000000070bb00000|  0%| F|  |TAMS 0x000000070ba00000, 0x000000070ba00000| Untracked 
| 123|0x000000070bb00000, 0x000000070bb00000, 0x000000070bc00000|  0%| F|  |TAMS 0x000000070bb00000, 0x000000070bb00000| Untracked 
| 124|0x000000070bc00000, 0x000000070bc00000, 0x000000070bd00000|  0%| F|  |TAMS 0x000000070bc00000, 0x000000070bc00000| Untracked 
| 125|0x000000070bd00000, 0x000000070bd00000, 0x000000070be00000|  0%| F|  |TAMS 0x000000070bd00000, 0x000000070bd00000| Untracked 
| 126|0x000000070be00000, 0x000000070be00000, 0x000000070bf00000|  0%| F|  |TAMS 0x000000070be00000, 0x000000070be00000| Untracked 
| 127|0x000000070bf00000, 0x000000070bf00000, 0x000000070c000000|  0%| F|  |TAMS 0x000000070bf00000, 0x000000070bf00000| Untracked 
| 128|0x000000070c000000, 0x000000070c000000, 0x000000070c100000|  0%| F|  |TAMS 0x000000070c000000, 0x000000070c000000| Untracked 
| 129|0x000000070c100000, 0x000000070c100000, 0x000000070c200000|  0%| F|  |TAMS 0x000000070c100000, 0x000000070c100000| Untracked 
| 130|0x000000070c200000, 0x000000070c200000, 0x000000070c300000|  0%| F|  |TAMS 0x000000070c200000, 0x000000070c200000| Untracked 
| 131|0x000000070c300000, 0x000000070c300000, 0x000000070c400000|  0%| F|  |TAMS 0x000000070c300000, 0x000000070c300000| Untracked 
| 132|0x000000070c400000, 0x000000070c400000, 0x000000070c500000|  0%| F|  |TAMS 0x000000070c400000, 0x000000070c400000| Untracked 
| 133|0x000000070c500000, 0x000000070c500000, 0x000000070c600000|  0%| F|  |TAMS 0x000000070c500000, 0x000000070c500000| Untracked 
| 134|0x000000070c600000, 0x000000070c600000, 0x000000070c700000|  0%| F|  |TAMS 0x000000070c600000, 0x000000070c600000| Untracked 
| 135|0x000000070c700000, 0x000000070c700000, 0x000000070c800000|  0%| F|  |TAMS 0x000000070c700000, 0x000000070c700000| Untracked 
| 136|0x000000070c800000, 0x000000070c800000, 0x000000070c900000|  0%| F|  |TAMS 0x000000070c800000, 0x000000070c800000| Untracked 
| 137|0x000000070c900000, 0x000000070c900000, 0x000000070ca00000|  0%| F|  |TAMS 0x000000070c900000, 0x000000070c900000| Untracked 
| 138|0x000000070ca00000, 0x000000070ca00000, 0x000000070cb00000|  0%| F|  |TAMS 0x000000070ca00000, 0x000000070ca00000| Untracked 
| 139|0x000000070cb00000, 0x000000070cb00000, 0x000000070cc00000|  0%| F|  |TAMS 0x000000070cb00000, 0x000000070cb00000| Untracked 
| 140|0x000000070cc00000, 0x000000070cc00000, 0x000000070cd00000|  0%| F|  |TAMS 0x000000070cc00000, 0x000000070cc00000| Untracked 
| 141|0x000000070cd00000, 0x000000070cd00000, 0x000000070ce00000|  0%| F|  |TAMS 0x000000070cd00000, 0x000000070cd00000| Untracked 
| 142|0x000000070ce00000, 0x000000070ce00000, 0x000000070cf00000|  0%| F|  |TAMS 0x000000070ce00000, 0x000000070ce00000| Untracked 
| 143|0x000000070cf00000, 0x000000070cf00000, 0x000000070d000000|  0%| F|  |TAMS 0x000000070cf00000, 0x000000070cf00000| Untracked 
| 144|0x000000070d000000, 0x000000070d000000, 0x000000070d100000|  0%| F|  |TAMS 0x000000070d000000, 0x000000070d000000| Untracked 
| 145|0x000000070d100000, 0x000000070d100000, 0x000000070d200000|  0%| F|  |TAMS 0x000000070d100000, 0x000000070d100000| Untracked 
| 146|0x000000070d200000, 0x000000070d200000, 0x000000070d300000|  0%| F|  |TAMS 0x000000070d200000, 0x000000070d200000| Untracked 
| 147|0x000000070d300000, 0x000000070d300000, 0x000000070d400000|  0%| F|  |TAMS 0x000000070d300000, 0x000000070d300000| Untracked 
| 148|0x000000070d400000, 0x000000070d400000, 0x000000070d500000|  0%| F|  |TAMS 0x000000070d400000, 0x000000070d400000| Untracked 
| 149|0x000000070d500000, 0x000000070d500000, 0x000000070d600000|  0%| F|  |TAMS 0x000000070d500000, 0x000000070d500000| Untracked 
| 150|0x000000070d600000, 0x000000070d600000, 0x000000070d700000|  0%| F|  |TAMS 0x000000070d600000, 0x000000070d600000| Untracked 
| 151|0x000000070d700000, 0x000000070d700000, 0x000000070d800000|  0%| F|  |TAMS 0x000000070d700000, 0x000000070d700000| Untracked 
| 152|0x000000070d800000, 0x000000070d800000, 0x000000070d900000|  0%| F|  |TAMS 0x000000070d800000, 0x000000070d800000| Untracked 
| 153|0x000000070d900000, 0x000000070d900000, 0x000000070da00000|  0%| F|  |TAMS 0x000000070d900000, 0x000000070d900000| Untracked 
| 154|0x000000070da00000, 0x000000070da00000, 0x000000070db00000|  0%| F|  |TAMS 0x000000070da00000, 0x000000070da00000| Untracked 
| 155|0x000000070db00000, 0x000000070db00000, 0x000000070dc00000|  0%| F|  |TAMS 0x000000070db00000, 0x000000070db00000| Untracked 
| 156|0x000000070dc00000, 0x000000070dcd6dd0, 0x000000070dd00000| 83%| S|CS|TAMS 0x000000070dc00000, 0x000000070dc00000| Complete 
| 157|0x000000070dd00000, 0x000000070de00000, 0x000000070de00000|100%| S|CS|TAMS 0x000000070dd00000, 0x000000070dd00000| Complete 
| 158|0x000000070de00000, 0x000000070df00000, 0x000000070df00000|100%| S|CS|TAMS 0x000000070de00000, 0x000000070de00000| Complete 
| 159|0x000000070df00000, 0x000000070e000000, 0x000000070e000000|100%| S|CS|TAMS 0x000000070df00000, 0x000000070df00000| Complete 
| 160|0x000000070e000000, 0x000000070e100000, 0x000000070e100000|100%| S|CS|TAMS 0x000000070e000000, 0x000000070e000000| Complete 
| 161|0x000000070e100000, 0x000000070e200000, 0x000000070e200000|100%| S|CS|TAMS 0x000000070e100000, 0x000000070e100000| Complete 
| 162|0x000000070e200000, 0x000000070e300000, 0x000000070e300000|100%| S|CS|TAMS 0x000000070e200000, 0x000000070e200000| Complete 
| 163|0x000000070e300000, 0x000000070e400000, 0x000000070e400000|100%| S|CS|TAMS 0x000000070e300000, 0x000000070e300000| Complete 
| 164|0x000000070e400000, 0x000000070e500000, 0x000000070e500000|100%| S|CS|TAMS 0x000000070e400000, 0x000000070e400000| Complete 
| 165|0x000000070e500000, 0x000000070e600000, 0x000000070e600000|100%| S|CS|TAMS 0x000000070e500000, 0x000000070e500000| Complete 
| 166|0x000000070e600000, 0x000000070e600000, 0x000000070e700000|  0%| F|  |TAMS 0x000000070e600000, 0x000000070e600000| Untracked 
| 167|0x000000070e700000, 0x000000070e700000, 0x000000070e800000|  0%| F|  |TAMS 0x000000070e700000, 0x000000070e700000| Untracked 
| 168|0x000000070e800000, 0x000000070e800000, 0x000000070e900000|  0%| F|  |TAMS 0x000000070e800000, 0x000000070e800000| Untracked 
| 169|0x000000070e900000, 0x000000070e900000, 0x000000070ea00000|  0%| F|  |TAMS 0x000000070e900000, 0x000000070e900000| Untracked 
| 170|0x000000070ea00000, 0x000000070ea00000, 0x000000070eb00000|  0%| F|  |TAMS 0x000000070ea00000, 0x000000070ea00000| Untracked 
| 171|0x000000070eb00000, 0x000000070eb00000, 0x000000070ec00000|  0%| F|  |TAMS 0x000000070eb00000, 0x000000070eb00000| Untracked 
| 172|0x000000070ec00000, 0x000000070ec00000, 0x000000070ed00000|  0%| F|  |TAMS 0x000000070ec00000, 0x000000070ec00000| Untracked 
| 173|0x000000070ed00000, 0x000000070ed00000, 0x000000070ee00000|  0%| F|  |TAMS 0x000000070ed00000, 0x000000070ed00000| Untracked 
| 174|0x000000070ee00000, 0x000000070ee00000, 0x000000070ef00000|  0%| F|  |TAMS 0x000000070ee00000, 0x000000070ee00000| Untracked 
| 175|0x000000070ef00000, 0x000000070ef00000, 0x000000070f000000|  0%| F|  |TAMS 0x000000070ef00000, 0x000000070ef00000| Untracked 
| 176|0x000000070f000000, 0x000000070f000000, 0x000000070f100000|  0%| F|  |TAMS 0x000000070f000000, 0x000000070f000000| Untracked 
| 177|0x000000070f100000, 0x000000070f100000, 0x000000070f200000|  0%| F|  |TAMS 0x000000070f100000, 0x000000070f100000| Untracked 
| 178|0x000000070f200000, 0x000000070f200000, 0x000000070f300000|  0%| F|  |TAMS 0x000000070f200000, 0x000000070f200000| Untracked 
| 179|0x000000070f300000, 0x000000070f300000, 0x000000070f400000|  0%| F|  |TAMS 0x000000070f300000, 0x000000070f300000| Untracked 
| 180|0x000000070f400000, 0x000000070f400000, 0x000000070f500000|  0%| F|  |TAMS 0x000000070f400000, 0x000000070f400000| Untracked 
| 181|0x000000070f500000, 0x000000070f500000, 0x000000070f600000|  0%| F|  |TAMS 0x000000070f500000, 0x000000070f500000| Untracked 
| 182|0x000000070f600000, 0x000000070f600000, 0x000000070f700000|  0%| F|  |TAMS 0x000000070f600000, 0x000000070f600000| Untracked 
| 183|0x000000070f700000, 0x000000070f700000, 0x000000070f800000|  0%| F|  |TAMS 0x000000070f700000, 0x000000070f700000| Untracked 
| 184|0x000000070f800000, 0x000000070f800000, 0x000000070f900000|  0%| F|  |TAMS 0x000000070f800000, 0x000000070f800000| Untracked 
| 185|0x000000070f900000, 0x000000070f900000, 0x000000070fa00000|  0%| F|  |TAMS 0x000000070f900000, 0x000000070f900000| Untracked 
| 186|0x000000070fa00000, 0x000000070fa00000, 0x000000070fb00000|  0%| F|  |TAMS 0x000000070fa00000, 0x000000070fa00000| Untracked 
| 187|0x000000070fb00000, 0x000000070fb00000, 0x000000070fc00000|  0%| F|  |TAMS 0x000000070fb00000, 0x000000070fb00000| Untracked 
| 188|0x000000070fc00000, 0x000000070fc00000, 0x000000070fd00000|  0%| F|  |TAMS 0x000000070fc00000, 0x000000070fc00000| Untracked 
| 189|0x000000070fd00000, 0x000000070fd00000, 0x000000070fe00000|  0%| F|  |TAMS 0x000000070fd00000, 0x000000070fd00000| Untracked 
| 190|0x000000070fe00000, 0x000000070fe00000, 0x000000070ff00000|  0%| F|  |TAMS 0x000000070fe00000, 0x000000070fe00000| Untracked 
| 191|0x000000070ff00000, 0x000000070ff00000, 0x0000000710000000|  0%| F|  |TAMS 0x000000070ff00000, 0x000000070ff00000| Untracked 
| 192|0x0000000710000000, 0x0000000710000000, 0x0000000710100000|  0%| F|  |TAMS 0x0000000710000000, 0x0000000710000000| Untracked 
| 193|0x0000000710100000, 0x0000000710100000, 0x0000000710200000|  0%| F|  |TAMS 0x0000000710100000, 0x0000000710100000| Untracked 
| 194|0x0000000710200000, 0x0000000710200000, 0x0000000710300000|  0%| F|  |TAMS 0x0000000710200000, 0x0000000710200000| Untracked 
| 195|0x0000000710300000, 0x0000000710300000, 0x0000000710400000|  0%| F|  |TAMS 0x0000000710300000, 0x0000000710300000| Untracked 
| 196|0x0000000710400000, 0x0000000710400000, 0x0000000710500000|  0%| F|  |TAMS 0x0000000710400000, 0x0000000710400000| Untracked 
| 197|0x0000000710500000, 0x0000000710500000, 0x0000000710600000|  0%| F|  |TAMS 0x0000000710500000, 0x0000000710500000| Untracked 
| 198|0x0000000710600000, 0x0000000710600000, 0x0000000710700000|  0%| F|  |TAMS 0x0000000710600000, 0x0000000710600000| Untracked 
| 199|0x0000000710700000, 0x0000000710700000, 0x0000000710800000|  0%| F|  |TAMS 0x0000000710700000, 0x0000000710700000| Untracked 
| 200|0x0000000710800000, 0x0000000710800000, 0x0000000710900000|  0%| F|  |TAMS 0x0000000710800000, 0x0000000710800000| Untracked 
| 201|0x0000000710900000, 0x0000000710900000, 0x0000000710a00000|  0%| F|  |TAMS 0x0000000710900000, 0x0000000710900000| Untracked 
| 202|0x0000000710a00000, 0x0000000710a00000, 0x0000000710b00000|  0%| F|  |TAMS 0x0000000710a00000, 0x0000000710a00000| Untracked 
| 203|0x0000000710b00000, 0x0000000710b00000, 0x0000000710c00000|  0%| F|  |TAMS 0x0000000710b00000, 0x0000000710b00000| Untracked 
| 204|0x0000000710c00000, 0x0000000710c00000, 0x0000000710d00000|  0%| F|  |TAMS 0x0000000710c00000, 0x0000000710c00000| Untracked 
| 205|0x0000000710d00000, 0x0000000710d00000, 0x0000000710e00000|  0%| F|  |TAMS 0x0000000710d00000, 0x0000000710d00000| Untracked 
| 206|0x0000000710e00000, 0x0000000710e00000, 0x0000000710f00000|  0%| F|  |TAMS 0x0000000710e00000, 0x0000000710e00000| Untracked 
| 207|0x0000000710f00000, 0x0000000710f00000, 0x0000000711000000|  0%| F|  |TAMS 0x0000000710f00000, 0x0000000710f00000| Untracked 
| 208|0x0000000711000000, 0x0000000711000000, 0x0000000711100000|  0%| F|  |TAMS 0x0000000711000000, 0x0000000711000000| Untracked 
| 209|0x0000000711100000, 0x0000000711100000, 0x0000000711200000|  0%| F|  |TAMS 0x0000000711100000, 0x0000000711100000| Untracked 
| 210|0x0000000711200000, 0x0000000711200000, 0x0000000711300000|  0%| F|  |TAMS 0x0000000711200000, 0x0000000711200000| Untracked 
| 211|0x0000000711300000, 0x0000000711300000, 0x0000000711400000|  0%| F|  |TAMS 0x0000000711300000, 0x0000000711300000| Untracked 
| 212|0x0000000711400000, 0x0000000711400000, 0x0000000711500000|  0%| F|  |TAMS 0x0000000711400000, 0x0000000711400000| Untracked 
| 213|0x0000000711500000, 0x0000000711500000, 0x0000000711600000|  0%| F|  |TAMS 0x0000000711500000, 0x0000000711500000| Untracked 
| 214|0x0000000711600000, 0x0000000711600000, 0x0000000711700000|  0%| F|  |TAMS 0x0000000711600000, 0x0000000711600000| Untracked 
| 215|0x0000000711700000, 0x0000000711700000, 0x0000000711800000|  0%| F|  |TAMS 0x0000000711700000, 0x0000000711700000| Untracked 
| 216|0x0000000711800000, 0x0000000711800000, 0x0000000711900000|  0%| F|  |TAMS 0x0000000711800000, 0x0000000711800000| Untracked 
| 217|0x0000000711900000, 0x0000000711900000, 0x0000000711a00000|  0%| F|  |TAMS 0x0000000711900000, 0x0000000711900000| Untracked 
| 218|0x0000000711a00000, 0x0000000711a00000, 0x0000000711b00000|  0%| F|  |TAMS 0x0000000711a00000, 0x0000000711a00000| Untracked 
| 219|0x0000000711b00000, 0x0000000711b00000, 0x0000000711c00000|  0%| F|  |TAMS 0x0000000711b00000, 0x0000000711b00000| Untracked 
| 220|0x0000000711c00000, 0x0000000711c00000, 0x0000000711d00000|  0%| F|  |TAMS 0x0000000711c00000, 0x0000000711c00000| Untracked 
| 221|0x0000000711d00000, 0x0000000711d00000, 0x0000000711e00000|  0%| F|  |TAMS 0x0000000711d00000, 0x0000000711d00000| Untracked 
| 222|0x0000000711e00000, 0x0000000711e00000, 0x0000000711f00000|  0%| F|  |TAMS 0x0000000711e00000, 0x0000000711e00000| Untracked 
| 223|0x0000000711f00000, 0x0000000711f00000, 0x0000000712000000|  0%| F|  |TAMS 0x0000000711f00000, 0x0000000711f00000| Untracked 
| 224|0x0000000712000000, 0x0000000712000000, 0x0000000712100000|  0%| F|  |TAMS 0x0000000712000000, 0x0000000712000000| Untracked 
| 225|0x0000000712100000, 0x0000000712100000, 0x0000000712200000|  0%| F|  |TAMS 0x0000000712100000, 0x0000000712100000| Untracked 
| 226|0x0000000712200000, 0x0000000712200000, 0x0000000712300000|  0%| F|  |TAMS 0x0000000712200000, 0x0000000712200000| Untracked 
| 227|0x0000000712300000, 0x0000000712300000, 0x0000000712400000|  0%| F|  |TAMS 0x0000000712300000, 0x0000000712300000| Untracked 
| 228|0x0000000712400000, 0x0000000712400000, 0x0000000712500000|  0%| F|  |TAMS 0x0000000712400000, 0x0000000712400000| Untracked 
| 229|0x0000000712500000, 0x0000000712500000, 0x0000000712600000|  0%| F|  |TAMS 0x0000000712500000, 0x0000000712500000| Untracked 
| 230|0x0000000712600000, 0x0000000712600000, 0x0000000712700000|  0%| F|  |TAMS 0x0000000712600000, 0x0000000712600000| Untracked 
| 231|0x0000000712700000, 0x0000000712700000, 0x0000000712800000|  0%| F|  |TAMS 0x0000000712700000, 0x0000000712700000| Untracked 
| 232|0x0000000712800000, 0x0000000712800000, 0x0000000712900000|  0%| F|  |TAMS 0x0000000712800000, 0x0000000712800000| Untracked 
| 233|0x0000000712900000, 0x0000000712900000, 0x0000000712a00000|  0%| F|  |TAMS 0x0000000712900000, 0x0000000712900000| Untracked 
| 234|0x0000000712a00000, 0x0000000712a00000, 0x0000000712b00000|  0%| F|  |TAMS 0x0000000712a00000, 0x0000000712a00000| Untracked 
| 235|0x0000000712b00000, 0x0000000712b00000, 0x0000000712c00000|  0%| F|  |TAMS 0x0000000712b00000, 0x0000000712b00000| Untracked 
| 236|0x0000000712c00000, 0x0000000712c00000, 0x0000000712d00000|  0%| F|  |TAMS 0x0000000712c00000, 0x0000000712c00000| Untracked 
| 237|0x0000000712d00000, 0x0000000712d00000, 0x0000000712e00000|  0%| F|  |TAMS 0x0000000712d00000, 0x0000000712d00000| Untracked 
| 238|0x0000000712e00000, 0x0000000712e00000, 0x0000000712f00000|  0%| F|  |TAMS 0x0000000712e00000, 0x0000000712e00000| Untracked 
| 239|0x0000000712f00000, 0x0000000712f00000, 0x0000000713000000|  0%| F|  |TAMS 0x0000000712f00000, 0x0000000712f00000| Untracked 
| 240|0x0000000713000000, 0x0000000713000000, 0x0000000713100000|  0%| F|  |TAMS 0x0000000713000000, 0x0000000713000000| Untracked 
| 241|0x0000000713100000, 0x0000000713100000, 0x0000000713200000|  0%| F|  |TAMS 0x0000000713100000, 0x0000000713100000| Untracked 
| 242|0x0000000713200000, 0x0000000713200000, 0x0000000713300000|  0%| F|  |TAMS 0x0000000713200000, 0x0000000713200000| Untracked 
| 243|0x0000000713300000, 0x0000000713300000, 0x0000000713400000|  0%| F|  |TAMS 0x0000000713300000, 0x0000000713300000| Untracked 
| 244|0x0000000713400000, 0x0000000713400000, 0x0000000713500000|  0%| F|  |TAMS 0x0000000713400000, 0x0000000713400000| Untracked 
| 245|0x0000000713500000, 0x0000000713500000, 0x0000000713600000|  0%| F|  |TAMS 0x0000000713500000, 0x0000000713500000| Untracked 
| 246|0x0000000713600000, 0x0000000713600000, 0x0000000713700000|  0%| F|  |TAMS 0x0000000713600000, 0x0000000713600000| Untracked 
| 247|0x0000000713700000, 0x0000000713700000, 0x0000000713800000|  0%| F|  |TAMS 0x0000000713700000, 0x0000000713700000| Untracked 
| 248|0x0000000713800000, 0x0000000713800000, 0x0000000713900000|  0%| F|  |TAMS 0x0000000713800000, 0x0000000713800000| Untracked 
| 249|0x0000000713900000, 0x0000000713900000, 0x0000000713a00000|  0%| F|  |TAMS 0x0000000713900000, 0x0000000713900000| Untracked 
| 250|0x0000000713a00000, 0x0000000713a00000, 0x0000000713b00000|  0%| F|  |TAMS 0x0000000713a00000, 0x0000000713a00000| Untracked 
| 251|0x0000000713b00000, 0x0000000713b00000, 0x0000000713c00000|  0%| F|  |TAMS 0x0000000713b00000, 0x0000000713b00000| Untracked 
| 252|0x0000000713c00000, 0x0000000713c00000, 0x0000000713d00000|  0%| F|  |TAMS 0x0000000713c00000, 0x0000000713c00000| Untracked 
| 253|0x0000000713d00000, 0x0000000713d00000, 0x0000000713e00000|  0%| F|  |TAMS 0x0000000713d00000, 0x0000000713d00000| Untracked 
| 254|0x0000000713e00000, 0x0000000713e00000, 0x0000000713f00000|  0%| F|  |TAMS 0x0000000713e00000, 0x0000000713e00000| Untracked 
| 255|0x0000000713f00000, 0x0000000713f00000, 0x0000000714000000|  0%| F|  |TAMS 0x0000000713f00000, 0x0000000713f00000| Untracked 
| 256|0x0000000714000000, 0x0000000714000000, 0x0000000714100000|  0%| F|  |TAMS 0x0000000714000000, 0x0000000714000000| Untracked 
| 257|0x0000000714100000, 0x0000000714100000, 0x0000000714200000|  0%| F|  |TAMS 0x0000000714100000, 0x0000000714100000| Untracked 
| 258|0x0000000714200000, 0x0000000714200000, 0x0000000714300000|  0%| F|  |TAMS 0x0000000714200000, 0x0000000714200000| Untracked 
| 259|0x0000000714300000, 0x0000000714300000, 0x0000000714400000|  0%| F|  |TAMS 0x0000000714300000, 0x0000000714300000| Untracked 
| 260|0x0000000714400000, 0x0000000714400000, 0x0000000714500000|  0%| F|  |TAMS 0x0000000714400000, 0x0000000714400000| Untracked 
| 261|0x0000000714500000, 0x0000000714500000, 0x0000000714600000|  0%| F|  |TAMS 0x0000000714500000, 0x0000000714500000| Untracked 
| 262|0x0000000714600000, 0x0000000714600000, 0x0000000714700000|  0%| F|  |TAMS 0x0000000714600000, 0x0000000714600000| Untracked 
| 263|0x0000000714700000, 0x0000000714700000, 0x0000000714800000|  0%| F|  |TAMS 0x0000000714700000, 0x0000000714700000| Untracked 
| 264|0x0000000714800000, 0x0000000714800000, 0x0000000714900000|  0%| F|  |TAMS 0x0000000714800000, 0x0000000714800000| Untracked 
| 265|0x0000000714900000, 0x0000000714900000, 0x0000000714a00000|  0%| F|  |TAMS 0x0000000714900000, 0x0000000714900000| Untracked 
| 266|0x0000000714a00000, 0x0000000714a00000, 0x0000000714b00000|  0%| F|  |TAMS 0x0000000714a00000, 0x0000000714a00000| Untracked 
| 267|0x0000000714b00000, 0x0000000714b00000, 0x0000000714c00000|  0%| F|  |TAMS 0x0000000714b00000, 0x0000000714b00000| Untracked 
| 268|0x0000000714c00000, 0x0000000714c00000, 0x0000000714d00000|  0%| F|  |TAMS 0x0000000714c00000, 0x0000000714c00000| Untracked 
| 269|0x0000000714d00000, 0x0000000714d00000, 0x0000000714e00000|  0%| F|  |TAMS 0x0000000714d00000, 0x0000000714d00000| Untracked 
| 270|0x0000000714e00000, 0x0000000714e00000, 0x0000000714f00000|  0%| F|  |TAMS 0x0000000714e00000, 0x0000000714e00000| Untracked 
| 271|0x0000000714f00000, 0x0000000714f00000, 0x0000000715000000|  0%| F|  |TAMS 0x0000000714f00000, 0x0000000714f00000| Untracked 
| 272|0x0000000715000000, 0x0000000715000000, 0x0000000715100000|  0%| F|  |TAMS 0x0000000715000000, 0x0000000715000000| Untracked 
| 273|0x0000000715100000, 0x0000000715100000, 0x0000000715200000|  0%| F|  |TAMS 0x0000000715100000, 0x0000000715100000| Untracked 
| 274|0x0000000715200000, 0x0000000715200000, 0x0000000715300000|  0%| F|  |TAMS 0x0000000715200000, 0x0000000715200000| Untracked 
| 275|0x0000000715300000, 0x0000000715300000, 0x0000000715400000|  0%| F|  |TAMS 0x0000000715300000, 0x0000000715300000| Untracked 
| 276|0x0000000715400000, 0x0000000715400000, 0x0000000715500000|  0%| F|  |TAMS 0x0000000715400000, 0x0000000715400000| Untracked 
| 277|0x0000000715500000, 0x0000000715500000, 0x0000000715600000|  0%| F|  |TAMS 0x0000000715500000, 0x0000000715500000| Untracked 
| 278|0x0000000715600000, 0x0000000715600000, 0x0000000715700000|  0%| F|  |TAMS 0x0000000715600000, 0x0000000715600000| Untracked 
| 279|0x0000000715700000, 0x0000000715700000, 0x0000000715800000|  0%| F|  |TAMS 0x0000000715700000, 0x0000000715700000| Untracked 
| 280|0x0000000715800000, 0x0000000715800000, 0x0000000715900000|  0%| F|  |TAMS 0x0000000715800000, 0x0000000715800000| Untracked 
| 281|0x0000000715900000, 0x0000000715900000, 0x0000000715a00000|  0%| F|  |TAMS 0x0000000715900000, 0x0000000715900000| Untracked 
| 282|0x0000000715a00000, 0x0000000715a00000, 0x0000000715b00000|  0%| F|  |TAMS 0x0000000715a00000, 0x0000000715a00000| Untracked 
| 283|0x0000000715b00000, 0x0000000715b00000, 0x0000000715c00000|  0%| F|  |TAMS 0x0000000715b00000, 0x0000000715b00000| Untracked 
| 284|0x0000000715c00000, 0x0000000715c00000, 0x0000000715d00000|  0%| F|  |TAMS 0x0000000715c00000, 0x0000000715c00000| Untracked 
| 285|0x0000000715d00000, 0x0000000715d00000, 0x0000000715e00000|  0%| F|  |TAMS 0x0000000715d00000, 0x0000000715d00000| Untracked 
| 286|0x0000000715e00000, 0x0000000715e00000, 0x0000000715f00000|  0%| F|  |TAMS 0x0000000715e00000, 0x0000000715e00000| Untracked 
| 287|0x0000000715f00000, 0x0000000715f00000, 0x0000000716000000|  0%| F|  |TAMS 0x0000000715f00000, 0x0000000715f00000| Untracked 
| 288|0x0000000716000000, 0x0000000716000000, 0x0000000716100000|  0%| F|  |TAMS 0x0000000716000000, 0x0000000716000000| Untracked 
| 289|0x0000000716100000, 0x0000000716100000, 0x0000000716200000|  0%| F|  |TAMS 0x0000000716100000, 0x0000000716100000| Untracked 
| 290|0x0000000716200000, 0x0000000716200000, 0x0000000716300000|  0%| F|  |TAMS 0x0000000716200000, 0x0000000716200000| Untracked 
| 291|0x0000000716300000, 0x0000000716300000, 0x0000000716400000|  0%| F|  |TAMS 0x0000000716300000, 0x0000000716300000| Untracked 
| 292|0x0000000716400000, 0x0000000716400000, 0x0000000716500000|  0%| F|  |TAMS 0x0000000716400000, 0x0000000716400000| Untracked 
| 293|0x0000000716500000, 0x0000000716600000, 0x0000000716600000|100%| E|  |TAMS 0x0000000716500000, 0x0000000716500000| Complete 
| 294|0x0000000716600000, 0x0000000716700000, 0x0000000716700000|100%| E|CS|TAMS 0x0000000716600000, 0x0000000716600000| Complete 
| 295|0x0000000716700000, 0x0000000716800000, 0x0000000716800000|100%| E|CS|TAMS 0x0000000716700000, 0x0000000716700000| Complete 
| 296|0x0000000716800000, 0x0000000716900000, 0x0000000716900000|100%| E|CS|TAMS 0x0000000716800000, 0x0000000716800000| Complete 
| 297|0x0000000716900000, 0x0000000716a00000, 0x0000000716a00000|100%| E|CS|TAMS 0x0000000716900000, 0x0000000716900000| Complete 
| 298|0x0000000716a00000, 0x0000000716b00000, 0x0000000716b00000|100%| E|CS|TAMS 0x0000000716a00000, 0x0000000716a00000| Complete 
| 299|0x0000000716b00000, 0x0000000716c00000, 0x0000000716c00000|100%| E|CS|TAMS 0x0000000716b00000, 0x0000000716b00000| Complete 
| 300|0x0000000716c00000, 0x0000000716d00000, 0x0000000716d00000|100%| E|CS|TAMS 0x0000000716c00000, 0x0000000716c00000| Complete 
| 301|0x0000000716d00000, 0x0000000716e00000, 0x0000000716e00000|100%| E|CS|TAMS 0x0000000716d00000, 0x0000000716d00000| Complete 
| 302|0x0000000716e00000, 0x0000000716f00000, 0x0000000716f00000|100%| E|CS|TAMS 0x0000000716e00000, 0x0000000716e00000| Complete 

Card table byte_map: [0x000001e01d850000,0x000001e01e030000] _byte_map_base: 0x000001e01a030000

Marking Bits (Prev, Next): (CMBitMap*) 0x000001e0064bb568, (CMBitMap*) 0x000001e0064bb5a0
 Prev Bits: [0x000001e01e810000, 0x000001e022710000)
 Next Bits: [0x000001e022710000, 0x000001e026610000)

Polling page: 0x000001e005c20000

Metaspace:

Usage:
  Non-class:     41.83 MB capacity,    40.94 MB ( 98%) used,   729.03 KB (  2%) free+waste,   178.06 KB ( <1%) overhead. 
      Class:      6.20 MB capacity,     5.63 MB ( 91%) used,   503.09 KB (  8%) free+waste,    85.62 KB (  1%) overhead. 
       Both:     48.03 MB capacity,    46.57 MB ( 97%) used,     1.20 MB (  3%) free+waste,   263.69 KB ( <1%) overhead. 

Virtual space:
  Non-class space:       42.00 MB reserved,      42.00 MB (100%) committed 
      Class space:        1.00 GB reserved,       6.25 MB ( <1%) committed 
             Both:        1.04 GB reserved,      48.25 MB (  5%) committed 

Chunk freelists:
   Non-Class:  5.88 KB
       Class:  1.88 KB
        Both:  7.75 KB

CodeHeap 'non-profiled nmethods': size=120000Kb used=2793Kb max_used=2793Kb free=117206Kb
 bounds [0x000001e0155f0000, 0x000001e0158b0000, 0x000001e01cb20000]
CodeHeap 'profiled nmethods': size=120000Kb used=9557Kb max_used=9557Kb free=110442Kb
 bounds [0x000001e00e0c0000, 0x000001e00ea20000, 0x000001e0155f0000]
CodeHeap 'non-nmethods': size=5760Kb used=1273Kb max_used=1330Kb free=4486Kb
 bounds [0x000001e00db20000, 0x000001e00dd90000, 0x000001e00e0c0000]
 total_blobs=4683 nmethods=4164 adapters=438
 compilation: enabled
              stopped_count=0, restarted_count=0
 full_count=0

Compilation events (10 events):
Event: 21.642 Thread 0x000001e029cf3000 nmethod 4164 0x000001e0158a5b90 code [0x000001e0158a5d20, 0x000001e0158a5dd8]
Event: 21.642 Thread 0x000001e029cf3000 4165       1       com.fasterxml.jackson.databind.type.SimpleType::isContainerType (2 bytes)
Event: 21.642 Thread 0x000001e029cf3000 nmethod 4165 0x000001e0158a5e90 code [0x000001e0158a6020, 0x000001e0158a60d8]
Event: 21.644 Thread 0x000001e029cf3000 4166       3       java.util.Calendar::internalGet (7 bytes)
Event: 21.644 Thread 0x000001e029cf3000 nmethod 4166 0x000001e00ea15310 code [0x000001e00ea154a0, 0x000001e00ea155d8]
Event: 21.648 Thread 0x000001e02ed98800 nmethod 4125 0x000001e0158a6190 code [0x000001e0158a6340, 0x000001e0158a6dc8]
Event: 21.648 Thread 0x000001e02ed98800 4158   !   4       java.util.concurrent.ConcurrentHashMap::putVal (432 bytes)
Event: 21.673 Thread 0x000001e02ed98800 nmethod 4158 0x000001e0158a7390 code [0x000001e0158a75c0, 0x000001e0158a93f0]
Event: 21.673 Thread 0x000001e02ed98800 4096       4       java.util.ArrayDeque::addLast (51 bytes)
Event: 21.675 Thread 0x000001e02ed98800 nmethod 4096 0x000001e0158aa210 code [0x000001e0158aa3a0, 0x000001e0158aa5b8]

GC Heap History (10 events):
Event: 0.633 GC heap before
{Heap before GC invocations=0 (full 0):
 garbage-first heap   total 258048K, used 23552K [0x0000000704000000, 0x0000000800000000)
  region size 1024K, 24 young (24576K), 0 survivors (0K)
 Metaspace       used 12213K, capacity 12457K, committed 12672K, reserved 1060864K
  class space    used 1214K, capacity 1327K, committed 1408K, reserved 1048576K
}
Event: 0.637 GC heap after
{Heap after GC invocations=1 (full 0):
 garbage-first heap   total 258048K, used 4710K [0x0000000704000000, 0x0000000800000000)
  region size 1024K, 3 young (3072K), 3 survivors (3072K)
 Metaspace       used 12213K, capacity 12457K, committed 12672K, reserved 1060864K
  class space    used 1214K, capacity 1327K, committed 1408K, reserved 1048576K
}
Event: 1.097 GC heap before
{Heap before GC invocations=1 (full 0):
 garbage-first heap   total 258048K, used 41574K [0x0000000704000000, 0x0000000800000000)
  region size 1024K, 40 young (40960K), 3 survivors (3072K)
 Metaspace       used 20643K, capacity 21116K, committed 21248K, reserved 1069056K
  class space    used 2246K, capacity 2437K, committed 2560K, reserved 1048576K
}
Event: 1.101 GC heap after
{Heap after GC invocations=2 (full 0):
 garbage-first heap   total 258048K, used 6487K [0x0000000704000000, 0x0000000800000000)
  region size 1024K, 5 young (5120K), 5 survivors (5120K)
 Metaspace       used 20643K, capacity 21116K, committed 21248K, reserved 1069056K
  class space    used 2246K, capacity 2437K, committed 2560K, reserved 1048576K
}
Event: 1.593 GC heap before
{Heap before GC invocations=3 (full 0):
 garbage-first heap   total 258048K, used 53591K [0x0000000704000000, 0x0000000800000000)
  region size 1024K, 52 young (53248K), 5 survivors (5120K)
 Metaspace       used 26733K, capacity 27430K, committed 27648K, reserved 1073152K
  class space    used 3015K, capacity 3278K, committed 3328K, reserved 1048576K
}
Event: 1.599 GC heap after
{Heap after GC invocations=4 (full 0):
 garbage-first heap   total 258048K, used 8474K [0x0000000704000000, 0x0000000800000000)
  region size 1024K, 4 young (4096K), 4 survivors (4096K)
 Metaspace       used 26733K, capacity 27430K, committed 27648K, reserved 1073152K
  class space    used 3015K, capacity 3278K, committed 3328K, reserved 1048576K
}
Event: 2.678 GC heap before
{Heap before GC invocations=4 (full 0):
 garbage-first heap   total 258048K, used 55578K [0x0000000704000000, 0x0000000800000000)
  region size 1024K, 51 young (52224K), 4 survivors (4096K)
 Metaspace       used 34760K, capacity 35704K, committed 35840K, reserved 1081344K
  class space    used 4008K, capacity 4395K, committed 4480K, reserved 1048576K
}
Event: 2.684 GC heap after
{Heap after GC invocations=5 (full 0):
 garbage-first heap   total 258048K, used 11601K [0x0000000704000000, 0x0000000800000000)
  region size 1024K, 7 young (7168K), 7 survivors (7168K)
 Metaspace       used 34760K, capacity 35704K, committed 35840K, reserved 1081344K
  class space    used 4008K, capacity 4395K, committed 4480K, reserved 1048576K
}
Event: 21.486 GC heap before
{Heap before GC invocations=6 (full 0):
 garbage-first heap   total 258048K, used 92497K [0x0000000704000000, 0x0000000800000000)
  region size 1024K, 86 young (88064K), 7 survivors (7168K)
 Metaspace       used 46015K, capacity 47479K, committed 47616K, reserved 1091584K
  class space    used 5547K, capacity 6126K, committed 6144K, reserved 1048576K
}
Event: 21.495 GC heap after
{Heap after GC invocations=7 (full 0):
 garbage-first heap   total 310272K, used 16237K [0x0000000704000000, 0x0000000800000000)
  region size 1024K, 10 young (10240K), 10 survivors (10240K)
 Metaspace       used 46015K, capacity 47479K, committed 47616K, reserved 1091584K
  class space    used 5547K, capacity 6126K, committed 6144K, reserved 1048576K
}

Deoptimization events (10 events):
Event: 3.542 Thread 0x000001e006459000 Uncommon trap: reason=unstable_if action=reinterpret pc=0x000001e015831310 method=org.springframework.beans.factory.support.AbstractBeanFactory.isTypeMatch(Ljava/lang/String;Lorg/springframework/core/ResolvableType;Z)Z @ 34 c2
Event: 3.562 Thread 0x000001e006459000 Uncommon trap: reason=unstable_if action=reinterpret pc=0x000001e0157fe364 method=org.springframework.beans.factory.support.DefaultSingletonBeanRegistry.getSingleton(Ljava/lang/String;Z)Ljava/lang/Object; @ 39 c2
Event: 21.473 Thread 0x000001e030050800 Uncommon trap: reason=unstable_if action=reinterpret pc=0x000001e0157f6fe4 method=java.lang.Class.getComponentType()Ljava/lang/Class; @ 4 c2
Event: 21.477 Thread 0x000001e030050800 Uncommon trap: reason=unstable_if action=reinterpret pc=0x000001e0157c3b60 method=java.util.Objects.equals(Ljava/lang/Object;Ljava/lang/Object;)Z @ 6 c2
Event: 21.592 Thread 0x000001e030050800 Uncommon trap: reason=unstable_if action=reinterpret pc=0x000001e0156ceac4 method=java.util.concurrent.ConcurrentHashMap.get(Ljava/lang/Object;)Ljava/lang/Object; @ 86 c2
Event: 21.592 Thread 0x000001e030050800 Uncommon trap: reason=unstable_if action=reinterpret pc=0x000001e0156697d0 method=java.util.concurrent.ConcurrentHashMap$Traverser.advance()Ljava/util/concurrent/ConcurrentHashMap$Node; @ 84 c2
Event: 21.616 Thread 0x000001e030050800 Uncommon trap: reason=unstable_if action=reinterpret pc=0x000001e01564f024 method=java.lang.CharacterDataLatin1.isWhitespace(I)Z @ 14 c2
Event: 21.625 Thread 0x000001e030050800 Uncommon trap: reason=class_check action=maybe_recompile pc=0x000001e0156bdea0 method=java.util.concurrent.ConcurrentHashMap.putVal(Ljava/lang/Object;Ljava/lang/Object;Z)Ljava/lang/Object; @ 159 c2
Event: 21.625 Thread 0x000001e030050800 Uncommon trap: reason=class_check action=maybe_recompile pc=0x000001e0156bdea0 method=java.util.concurrent.ConcurrentHashMap.putVal(Ljava/lang/Object;Ljava/lang/Object;Z)Ljava/lang/Object; @ 159 c2
Event: 21.628 Thread 0x000001e030050800 Uncommon trap: reason=class_check action=maybe_recompile pc=0x000001e0156bdea0 method=java.util.concurrent.ConcurrentHashMap.putVal(Ljava/lang/Object;Ljava/lang/Object;Z)Ljava/lang/Object; @ 159 c2

Classes redefined (0 events):
No events

Internal exceptions (10 events):
Event: 3.576 Thread 0x000001e030056000 Exception <a 'java/lang/reflect/InvocationTargetException'{0x000000070f680e10}> (0x000000070f680e10) thrown at [./open/src/hotspot/share/runtime/reflection.cpp, line 1242]
Event: 3.576 Thread 0x000001e030052000 Exception <a 'java/lang/reflect/InvocationTargetException'{0x000000070f6012d0}> (0x000000070f6012d0) thrown at [./open/src/hotspot/share/runtime/reflection.cpp, line 1242]
Event: 3.625 Thread 0x000001e006459000 Exception <a 'java/lang/NoSuchMethodError'{0x000000070f215b98}: java.lang.invoke.DirectMethodHandle$Holder.invokeSpecial(Ljava/lang/Object;Ljava/lang/Object;ILjava/lang/Object;ILjava/lang/Object;)Ljava/lang/Object;> (0x000000070f215b98) thrown at [./open/
Event: 3.625 Thread 0x000001e006459000 Exception <a 'java/lang/NoSuchMethodError'{0x000000070f21d078}: java.lang.invoke.DirectMethodHandle$Holder.invokeStatic(Ljava/lang/Object;Ljava/lang/Object;ILjava/lang/Object;I)Ljava/lang/Object;> (0x000000070f21d078) thrown at [./open/src/hotspot/share/i
Event: 3.625 Thread 0x000001e006459000 Exception <a 'java/lang/NoSuchMethodError'{0x000000070f220850}: java.lang.invoke.DirectMethodHandle$Holder.invokeSpecial(Ljava/lang/Object;Ljava/lang/Object;Ljava/lang/Object;ILjava/lang/Object;I)Ljava/lang/Object;> (0x000000070f220850) thrown at [./open/
Event: 21.581 Thread 0x000001e030050800 Exception <a 'java/lang/NoSuchMethodError'{0x00000007169350d8}: java.lang.invoke.Invokers$Holder.invoke_MT(Ljava/lang/Object;Ljava/lang/Object;Ljava/lang/Object;)Ljava/lang/Object;> (0x00000007169350d8) thrown at [./open/src/hotspot/share/interpreter/link
Event: 21.599 Thread 0x000001e030050800 Exception <a 'java/lang/reflect/InvocationTargetException'{0x0000000716887010}> (0x0000000716887010) thrown at [./open/src/hotspot/share/runtime/reflection.cpp, line 1242]
Event: 21.600 Thread 0x000001e030050800 Exception <a 'java/lang/reflect/InvocationTargetException'{0x0000000716895458}> (0x0000000716895458) thrown at [./open/src/hotspot/share/runtime/reflection.cpp, line 1242]
Event: 21.602 Thread 0x000001e030050800 Exception <a 'java/lang/reflect/InvocationTargetException'{0x00000007168a8858}> (0x00000007168a8858) thrown at [./open/src/hotspot/share/runtime/reflection.cpp, line 1242]
Event: 21.609 Thread 0x000001e030050800 Exception <a 'java/lang/NoClassDefFoundError'{0x00000007168f1f48}: sun/reflect/Reflection> (0x00000007168f1f48) thrown at [./open/src/hotspot/share/classfile/systemDictionary.cpp, line 215]

Events (10 events):
Event: 21.646 loading class org/springframework/web/context/request/WebRequest
Event: 21.646 loading class org/springframework/web/context/request/WebRequest done
Event: 21.646 loading class org/springframework/web/method/annotation/SessionAttributesHandler
Event: 21.646 loading class org/springframework/web/method/annotation/SessionAttributesHandler done
Event: 21.647 Executing VM operation: RevokeBias
Event: 21.648 Executing VM operation: RevokeBias done
Event: 21.648 Executing VM operation: RevokeBias
Event: 21.648 Executing VM operation: RevokeBias done
Event: 21.648 Executing VM operation: RevokeBias
Event: 21.649 Executing VM operation: RevokeBias done


Dynamic libraries:
0x00007ff6bbe10000 - 0x00007ff6bbe20000 	C:\Program Files\Java\jdk-11\bin\java.exe
0x00007ffc3d230000 - 0x00007ffc3d447000 	C:\WINDOWS\SYSTEM32\ntdll.dll
0x00007ffc3bdd0000 - 0x00007ffc3be94000 	C:\WINDOWS\System32\KERNEL32.DLL
0x00007ffc3a7c0000 - 0x00007ffc3ab79000 	C:\WINDOWS\System32\KERNELBASE.dll
0x00007ffc3ac80000 - 0x00007ffc3ad91000 	C:\WINDOWS\System32\ucrtbase.dll
0x00007ffc29a30000 - 0x00007ffc29a4b000 	C:\Program Files\Java\jdk-11\bin\VCRUNTIME140.dll
0x00007ffc29a10000 - 0x00007ffc29a29000 	C:\Program Files\Java\jdk-11\bin\jli.dll
0x00007ffc3b2e0000 - 0x00007ffc3b392000 	C:\WINDOWS\System32\ADVAPI32.dll
0x00007ffc3bc40000 - 0x00007ffc3bce7000 	C:\WINDOWS\System32\msvcrt.dll
0x00007ffc3c9f0000 - 0x00007ffc3ca97000 	C:\WINDOWS\System32\sechost.dll
0x00007ffc3ac20000 - 0x00007ffc3ac48000 	C:\WINDOWS\System32\bcrypt.dll
0x00007ffc3cd00000 - 0x00007ffc3ce14000 	C:\WINDOWS\System32\RPCRT4.dll
0x00007ffc3cfe0000 - 0x00007ffc3d18e000 	C:\WINDOWS\System32\USER32.dll
0x00007ffc3ac50000 - 0x00007ffc3ac76000 	C:\WINDOWS\System32\win32u.dll
0x00007ffc21730000 - 0x00007ffc219c2000 	C:\WINDOWS\WinSxS\amd64_microsoft.windows.common-controls_6595b64144ccf1df_6.0.22621.4391_none_2715d37f73803e96\COMCTL32.dll
0x00007ffc3c8d0000 - 0x00007ffc3c8f9000 	C:\WINDOWS\System32\GDI32.dll
0x00007ffc3a6a0000 - 0x00007ffc3a7bb000 	C:\WINDOWS\System32\gdi32full.dll
0x00007ffc3ab80000 - 0x00007ffc3ac1a000 	C:\WINDOWS\System32\msvcp_win.dll
0x00007ffc335c0000 - 0x00007ffc335ca000 	C:\WINDOWS\SYSTEM32\VERSION.dll
0x00007ffc3bd80000 - 0x00007ffc3bdb1000 	C:\WINDOWS\System32\IMM32.DLL
0x00007ffc333d0000 - 0x00007ffc333dc000 	C:\Program Files\Java\jdk-11\bin\vcruntime140_1.dll
0x00007ffc02c50000 - 0x00007ffc02cde000 	C:\Program Files\Java\jdk-11\bin\msvcp140.dll
0x00007ffbd4100000 - 0x00007ffbd4c6c000 	C:\Program Files\Java\jdk-11\bin\server\jvm.dll
0x00007ffc3caa0000 - 0x00007ffc3caa8000 	C:\WINDOWS\System32\PSAPI.DLL
0x00007ffc33340000 - 0x00007ffc33374000 	C:\WINDOWS\SYSTEM32\WINMM.dll
0x00007ffc10970000 - 0x00007ffc10979000 	C:\WINDOWS\SYSTEM32\WSOCK32.dll
0x00007ffc3b430000 - 0x00007ffc3b4a1000 	C:\WINDOWS\System32\WS2_32.dll
0x00007ffc39630000 - 0x00007ffc39648000 	C:\WINDOWS\SYSTEM32\kernel.appcore.dll
0x00007ffc32050000 - 0x00007ffc32060000 	C:\Program Files\Java\jdk-11\bin\verify.dll
0x00007ffc37830000 - 0x00007ffc37a62000 	C:\WINDOWS\SYSTEM32\DBGHELP.DLL
0x00007ffc3af50000 - 0x00007ffc3b2df000 	C:\WINDOWS\System32\combase.dll
0x00007ffc3c900000 - 0x00007ffc3c9d7000 	C:\WINDOWS\System32\OLEAUT32.dll
0x00007ffc26bf0000 - 0x00007ffc26c22000 	C:\WINDOWS\SYSTEM32\dbgcore.DLL
0x00007ffc3aed0000 - 0x00007ffc3af4b000 	C:\WINDOWS\System32\bcryptPrimitives.dll
0x00007ffc034f0000 - 0x00007ffc03518000 	C:\Program Files\Java\jdk-11\bin\java.dll
0x00007ffc29a00000 - 0x00007ffc29a0a000 	C:\Program Files\Java\jdk-11\bin\jimage.dll
0x00007ffc01f40000 - 0x00007ffc01f78000 	C:\Program Files\Java\jdk-11\bin\jdwp.dll
0x00007ffc26810000 - 0x00007ffc2681e000 	C:\Program Files\Java\jdk-11\bin\instrument.dll
0x00007ffc267d0000 - 0x00007ffc267e7000 	C:\Program Files\Java\jdk-11\bin\zip.dll
0x00007ffc3c050000 - 0x00007ffc3c8c6000 	C:\WINDOWS\System32\SHELL32.dll
0x00007ffc38430000 - 0x00007ffc38d33000 	C:\WINDOWS\SYSTEM32\windows.storage.dll
0x00007ffc382f0000 - 0x00007ffc3842f000 	C:\WINDOWS\SYSTEM32\wintypes.dll
0x00007ffc3bb40000 - 0x00007ffc3bc39000 	C:\WINDOWS\System32\SHCORE.dll
0x00007ffc3d190000 - 0x00007ffc3d1ee000 	C:\WINDOWS\System32\shlwapi.dll
0x00007ffc3a460000 - 0x00007ffc3a48b000 	C:\WINDOWS\SYSTEM32\profapi.dll
0x00007ffc1a860000 - 0x00007ffc1a86b000 	C:\Program Files\Java\jdk-11\bin\dt_socket.dll
0x00007ffc39ae0000 - 0x00007ffc39b49000 	C:\WINDOWS\system32\mswsock.dll
0x00007ffc26610000 - 0x00007ffc26629000 	C:\Program Files\Java\jdk-11\bin\net.dll
0x00007ffc345b0000 - 0x00007ffc346e6000 	C:\WINDOWS\SYSTEM32\WINHTTP.dll
0x00007ffc1a7e0000 - 0x00007ffc1a7f2000 	C:\Program Files\Java\jdk-11\bin\nio.dll
0x00007ffc15000000 - 0x00007ffc15009000 	C:\Program Files\Java\jdk-11\bin\management.dll
0x00007ffc0f380000 - 0x00007ffc0f38b000 	C:\Program Files\Java\jdk-11\bin\management_ext.dll
0x00007ffc15190000 - 0x00007ffc151a7000 	C:\WINDOWS\system32\napinsp.dll
0x00007ffc15120000 - 0x00007ffc1513b000 	C:\WINDOWS\system32\pnrpnsp.dll
0x00007ffc39080000 - 0x00007ffc39182000 	C:\WINDOWS\SYSTEM32\DNSAPI.dll
0x00007ffc39050000 - 0x00007ffc3907d000 	C:\WINDOWS\SYSTEM32\IPHLPAPI.DLL
0x00007ffc3bdc0000 - 0x00007ffc3bdc9000 	C:\WINDOWS\System32\NSI.dll
0x00007ffc14be0000 - 0x00007ffc14bf1000 	C:\WINDOWS\System32\winrnr.dll
0x00007ffc13810000 - 0x00007ffc13825000 	C:\WINDOWS\system32\wshbth.dll
0x00007ffc137e0000 - 0x00007ffc13807000 	C:\WINDOWS\system32\nlansp_c.dll
0x00007ffc33590000 - 0x00007ffc3359a000 	C:\Windows\System32\rasadhlp.dll
0x00007ffc32f10000 - 0x00007ffc32f93000 	C:\WINDOWS\System32\fwpuclnt.dll
0x00007ffc39d30000 - 0x00007ffc39d4b000 	C:\WINDOWS\SYSTEM32\CRYPTSP.dll
0x00007ffc39590000 - 0x00007ffc395c5000 	C:\WINDOWS\system32\rsaenh.dll
0x00007ffc39bd0000 - 0x00007ffc39bf8000 	C:\WINDOWS\SYSTEM32\USERENV.dll
0x00007ffc39d50000 - 0x00007ffc39d5c000 	C:\WINDOWS\SYSTEM32\CRYPTBASE.dll
0x00007ffc33680000 - 0x00007ffc33699000 	C:\WINDOWS\SYSTEM32\dhcpcsvc6.DLL
0x00007ffc33660000 - 0x00007ffc3367f000 	C:\WINDOWS\SYSTEM32\dhcpcsvc.DLL
0x00007ffc0e2e0000 - 0x00007ffc0e2ed000 	C:\Program Files\Java\jdk-11\bin\sunmscapi.dll
0x00007ffc3a530000 - 0x00007ffc3a696000 	C:\WINDOWS\System32\CRYPT32.dll
0x00007ffc39ef0000 - 0x00007ffc39f1d000 	C:\WINDOWS\SYSTEM32\ncrypt.dll
0x00007ffc39eb0000 - 0x00007ffc39ee7000 	C:\WINDOWS\SYSTEM32\NTASN1.dll
0x00007ffbfebe0000 - 0x00007ffbfec07000 	C:\Program Files\Java\jdk-11\bin\sunec.dll

dbghelp: loaded successfully - version: 4.0.5 - missing functions: none
symbol engine: initialized successfully - sym options: 0x614 - pdb path: .;C:\Program Files\Java\jdk-11\bin;C:\WINDOWS\SYSTEM32;C:\WINDOWS\WinSxS\amd64_microsoft.windows.common-controls_6595b64144ccf1df_6.0.22621.4391_none_2715d37f73803e96;C:\Program Files\Java\jdk-11\bin\server

VM Arguments:
jvm_args: -agentlib:jdwp=transport=dt_socket,address=127.0.0.1:56752,suspend=y,server=n -javaagent:C:\Users\csbis\AppData\Local\JetBrains\IdeaIC2023.2\captureAgent\debugger-agent.jar -Dfile.encoding=UTF-8 
java_command: com.multitenant.demo.DemoApplication
java_class_path (initial): C:\Users\csbis\Downloads\demo\demo\target\classes;C:\Users\csbis\.m2\repository\org\springframework\boot\spring-boot-starter-data-mongodb\2.7.16\spring-boot-starter-data-mongodb-2.7.16.jar;C:\Users\csbis\.m2\repository\org\springframework\boot\spring-boot-starter\2.7.16\spring-boot-starter-2.7.16.jar;C:\Users\csbis\.m2\repository\org\springframework\boot\spring-boot\2.7.16\spring-boot-2.7.16.jar;C:\Users\csbis\.m2\repository\org\springframework\boot\spring-boot-autoconfigure\2.7.16\spring-boot-autoconfigure-2.7.16.jar;C:\Users\csbis\.m2\repository\org\springframework\boot\spring-boot-starter-logging\2.7.16\spring-boot-starter-logging-2.7.16.jar;C:\Users\csbis\.m2\repository\ch\qos\logback\logback-classic\1.2.12\logback-classic-1.2.12.jar;C:\Users\csbis\.m2\repository\ch\qos\logback\logback-core\1.2.12\logback-core-1.2.12.jar;C:\Users\csbis\.m2\repository\org\apache\logging\log4j\log4j-to-slf4j\2.17.2\log4j-to-slf4j-2.17.2.jar;C:\Users\csbis\.m2\repository\org\apache\logging\log4j\log4j-api\2.17.2\log4j-api-2.17.2.jar;C:\Users\csbis\.m2\repository\org\slf4j\jul-to-slf4j\1.7.36\jul-to-slf4j-1.7.36.jar;C:\Users\csbis\.m2\repository\jakarta\annotation\jakarta.annotation-api\1.3.5\jakarta.annotation-api-1.3.5.jar;C:\Users\csbis\.m2\repository\org\yaml\snakeyaml\1.30\snakeyaml-1.30.jar;C:\Users\csbis\.m2\repository\org\mongodb\mongodb-driver-sync\4.6.1\mongodb-driver-sync-4.6.1.jar;C:\Users\csbis\.m2\repository\org\mongodb\bson\4.6.1\bson-4.6.1.jar;C:\Users\csbis\.m2\repository\org\mongodb\mongodb-driver-core\4.6.1\mongodb-driver-core-4.6.1.jar;C:\Users\csbis\.m2\repository\org\mongodb\bson-record-codec\4.6.1\bson-record-codec-4.6.1.jar;C:\Users\csbis\.m2\repository\org\springframework\data\spring-data-mongodb\3.4.16\spring-data-mongodb-3.4.16.jar;C:\Users\csbis\.m2\repository\org\springframework\spring-tx\5.3.30\spring-tx-5.3.30.jar;C:\Users\csbis\.m2\repository\org\springframework\spring-context\5.3.30\spring-context-5.3.30.jar;C:\Users\csbi
Launcher Type: SUN_STANDARD

[Global flags]
     intx CICompilerCount                          = 4                                         {product} {ergonomic}
     uint ConcGCThreads                            = 3                                         {product} {ergonomic}
     uint G1ConcRefinementThreads                  = 10                                        {product} {ergonomic}
   size_t G1HeapRegionSize                         = 1048576                                   {product} {ergonomic}
    uintx GCDrainStackTargetSize                   = 64                                        {product} {ergonomic}
   size_t InitialHeapSize                          = 264241152                                 {product} {ergonomic}
   size_t MarkStackSize                            = 4194304                                   {product} {ergonomic}
   size_t MaxHeapSize                              = 4227858432                                {product} {ergonomic}
   size_t MaxNewSize                               = 2536505344                                {product} {ergonomic}
   size_t MinHeapDeltaBytes                        = 1048576                                   {product} {ergonomic}
    uintx NonNMethodCodeHeapSize                   = 5836300                                {pd product} {ergonomic}
    uintx NonProfiledCodeHeapSize                  = 122910970                              {pd product} {ergonomic}
    uintx ProfiledCodeHeapSize                     = 122910970                              {pd product} {ergonomic}
    uintx ReservedCodeCacheSize                    = 251658240                              {pd product} {ergonomic}
     bool SegmentedCodeCache                       = true                                      {product} {ergonomic}
     bool UseCompressedClassPointers               = true                                 {lp64_product} {ergonomic}
     bool UseCompressedOops                        = true                                 {lp64_product} {ergonomic}
     bool UseG1GC                                  = true                                      {product} {ergonomic}
     bool UseLargePagesIndividualAllocation        = false                                  {pd product} {ergonomic}

Logging:
Log output configuration:
 #0: stdout all=warning uptime,level,tags
 #1: stderr all=off uptime,level,tags

Environment Variables:
JAVA_HOME=C:\Program Files\Amazon Corretto\jdk11.0.25_9
PATH=C:\Program Files\Amazon Corretto\jdk11.0.25_9\bin;c:\Users\csbis\AppData\Local\Programs\cursor\resources\app\bin;C:\Program Files\Amazon Corretto\jdk17.0.9_8\bin;C:\Program Files\Common Files\Oracle\Java\javapath;C:\Windows\system32;C:\Windows;C:\Windows\System32\Wbem;C:\Windows\System32\WindowsPowerShell\v1.0\;C:\Windows\System32\OpenSSH\;C:\Program Files (x86)\NVIDIA Corporation\PhysX\Common;C:\Program Files\NVIDIA Corporation\NVIDIA NvDLISR;C:\WINDOWS\system32;C:\WINDOWS;C:\WINDOWS\System32\Wbem;C:\WINDOWS\System32\WindowsPowerShell\v1.0\;C:\WINDOWS\System32\OpenSSH\;C:\Program Files\dotnet\;C:\Program Files\Docker\Docker\resources\bin;C:\Users\csbis\AppData\Local\Microsoft\WindowsApps;c:\Users\csbis\AppData\Local\Programs\cursor\resources\app\bin;c:\Users\csbis\AppData\Local\Programs\cursor\resources\app\bin;c:\Users\csbis\AppData\Local\Programs\cursor\resources\app\bin;C:\Program Files\Git\cmd;C:\Users\csbis\AppData\Local\Programs\Python\Python39\Scripts\;C:\Users\csbis\AppData\Local\Programs\Python\Python39\;C:\Users\csbis\AppData\Local\Microsoft\WindowsApps;C:\Users\csbis\AppData\Local\Programs\Microsoft VS Code\bin;C:\WebDeiver\chromedriver-win64;
USERNAME=csbis
OS=Windows_NT
PROCESSOR_IDENTIFIER=Intel64 Family 6 Model 141 Stepping 1, GenuineIntel



---------------  S Y S T E M  ---------------

OS: Windows 11 , 64 bit Build 22621 (10.0.22621.4391)
Hyper-V role detected

CPU:total 12 (initial active 12) (6 cores per cpu, 2 threads per core) family 6 model 141 stepping 1 microcode 0x34, cmov, cx8, fxsr, mmx, sse, sse2, sse3, ssse3, sse4.1, sse4.2, popcnt, avx, avx2, aes, clmul, erms, 3dnowpref, lzcnt, ht, tsc, tscinvbit, bmi1, bmi2, adx, evex, sha, fma

Memory: 4k page, system-wide physical 16122M (2129M free)
TotalPageFile size 60144M (AvailPageFile size 5M)
current process WorkingSet (physical memory assigned to process): 257M, peak: 272M
current process commit charge ("private bytes"): 502M, peak: 505M

vm_info: Java HotSpot(TM) 64-Bit Server VM (11.0.19+9-LTS-224) for windows-amd64 JRE (11.0.19+9-LTS-224), built on Mar 27 2023 08:48:55 by "mach5one" with MS VC++ 17.1 (VS2022)

END.
